<?xml version="1.0" encoding="UTF-8" ?>
<testsuite tests="6" failures="1" name="TestSuite" time="75.416" errors="0" skipped="0">
  <properties>
[...]
</properties>
  <testcase classname="com.eVisa.qa.testcases.HomePageTest" name="ValidateHomePageTitleTest" time="11.444"/>
  <testcase classname="com.eVisa.qa.testcases.HomePageTest" name="validateLoggedInUserTest" time="51.379">
    <failure message="No frame element found by name or id mainpanel
Build info: version: &apos;3.141.59&apos;, revision: &apos;e82be7d358&apos;, time: &apos;2018-11-14T08:17:03&apos;
System info: host: &apos;DESKTOP-O1LMJVL&apos;, ip: &apos;172.25.176.1&apos;, os.name: &apos;Windows 10&apos;, os.arch: &apos;amd64&apos;, os.version: &apos;10.0&apos;, java.version: &apos;1.8.0_271&apos;
Driver info: driver.version: unknown" type="org.openqa.selenium.NoSuchFrameException">org.openqa.selenium.NoSuchFrameException: No frame element found by name or id mainpanel
Build info: version: &apos;3.141.59&apos;, revision: &apos;e82be7d358&apos;, time: &apos;2018-11-14T08:17:03&apos;
System info: host: &apos;DESKTOP-O1LMJVL&apos;, ip: &apos;172.25.176.1&apos;, os.name: &apos;Windows 10&apos;, os.arch: &apos;amd64&apos;, os.version: &apos;10.0&apos;, java.version: &apos;1.8.0_271&apos;
Driver info: driver.version: unknown
	at org.openqa.selenium.remote.RemoteWebDriver$RemoteTargetLocator.frame(RemoteWebDriver.java:885)
	at org.openqa.selenium.support.events.EventFiringWebDriver$EventFiringTargetLocator.frame(EventFiringWebDriver.java:702)
	at com.eVisa.qa.util.TestUtil.switchToFrame(TestUtil.java:31)
	at com.eVisa.qa.testcases.HomePageTest.validateLoggedInUserTest(HomePageTest.java:46)
</failure>
    <system-out>Before navigating to: &apos;http://10.38.40.30/home&apos;
Navigated to:&apos;http://10.38.40.30/home&apos;
Trying to find Element By : By.id: _evisaregister_WAR_Evisaregisterportlet_INSTANCE_123_login_username
Found Element By : By.id: _evisaregister_WAR_Evisaregisterportlet_INSTANCE_123_login_username
Trying to find Element By : By.id: _evisaregister_WAR_Evisaregisterportlet_INSTANCE_123_login_password
Found Element By : By.id: _evisaregister_WAR_Evisaregisterportlet_INSTANCE_123_login_password
Trying to find Element By : By.id: loginButtonId
Found Element By : By.id: loginButtonId
Trying to click on: [[ChromeDriver: chrome on WINDOWS (58c28c1fbd7aedee6746f065af9769ae)] -&gt; id: loginButtonId]
Clicked on: [[ChromeDriver: chrome on WINDOWS (58c28c1fbd7aedee6746f065af9769ae)] -&gt; id: loginButtonId]
</system-out>
    <system-err>Starting ChromeDriver 87.0.4280.88 (89e2380a3e36c3464b5dd1302349b1382549290d-refs/branch-heads/4280@{#1761}) on port 26833
Only local connections are allowed.
Please see https://chromedriver.chromium.org/security-considerations for suggestions on keeping ChromeDriver safe.
ChromeDriver was started successfully.
Jan 11, 2021 2:27:01 PM org.openqa.selenium.remote.ProtocolHandshake createSession
INFO: Detected dialect: W3C
</system-err>
  </testcase>
  <testcase classname="com.eVisa.qa.testcases.HomePageTest" name="applyForSponsorVisaTest" time="12.12"/>
  <testcase classname="com.eVisa.qa.testcases.LoginPageTest" name="loginPageTitleTest" time="0.019"/>
  <testcase classname="com.eVisa.qa.testcases.LoginPageTest" name="loginPageLogoTest" time="0.075"/>
  <testcase classname="com.eVisa.qa.testcases.LoginPageTest" name="loginTest" time="0.379"/>
</testsuite>