<?xml version="1.0" encoding="UTF-8"?>
<testng-results skipped="0" failed="1" ignored="0" total="6" passed="5">
  <reporter-output>
  </reporter-output>
  <suite name="Command line suite" duration-ms="185353" started-at="2021-01-11T14:26:26 GST" finished-at="2021-01-11T14:29:32 GST">
    <groups>
    </groups>
    <test name="Command line test" duration-ms="185353" started-at="2021-01-11T14:26:26 GST" finished-at="2021-01-11T14:29:32 GST">
      <class name="com.eVisa.qa.testcases.HomePageTest">
        <test-method status="PASS" signature="setUp()[pri:0, instance:com.eVisa.qa.testcases.HomePageTest@56ac3a89]" name="setUp" is-config="true" duration-ms="18806" started-at="2021-01-11T14:26:26 GST" finished-at="2021-01-11T14:26:45 GST">
          <reporter-output>
          </reporter-output>
        </test-method> <!-- setUp -->
        <test-method status="PASS" signature="ValidateHomePageTitleTest()[pri:1, instance:com.eVisa.qa.testcases.HomePageTest@56ac3a89]" name="ValidateHomePageTitleTest" duration-ms="11437" started-at="2021-01-11T14:26:45 GST" finished-at="2021-01-11T14:26:57 GST">
          <reporter-output>
          </reporter-output>
        </test-method> <!-- ValidateHomePageTitleTest -->
        <test-method status="PASS" signature="tearDown()[pri:0, instance:com.eVisa.qa.testcases.HomePageTest@56ac3a89]" name="tearDown" is-config="true" duration-ms="734" started-at="2021-01-11T14:26:57 GST" finished-at="2021-01-11T14:26:57 GST">
          <reporter-output>
          </reporter-output>
        </test-method> <!-- tearDown -->
        <test-method status="PASS" signature="setUp()[pri:0, instance:com.eVisa.qa.testcases.HomePageTest@56ac3a89]" name="setUp" is-config="true" duration-ms="17493" started-at="2021-01-11T14:26:57 GST" finished-at="2021-01-11T14:27:15 GST">
          <reporter-output>
          </reporter-output>
        </test-method> <!-- setUp -->
        <test-method status="FAIL" signature="validateLoggedInUserTest()[pri:2, instance:com.eVisa.qa.testcases.HomePageTest@56ac3a89]" name="validateLoggedInUserTest" duration-ms="51379" started-at="2021-01-11T14:27:15 GST" finished-at="2021-01-11T14:28:06 GST">
          <exception class="org.openqa.selenium.NoSuchFrameException">
            <message>
              <![CDATA[No frame element found by name or id mainpanel
Build info: version: '3.141.59', revision: 'e82be7d358', time: '2018-11-14T08:17:03'
System info: host: 'DESKTOP-O1LMJVL', ip: '172.25.176.1', os.name: 'Windows 10', os.arch: 'amd64', os.version: '10.0', java.version: '1.8.0_271'
Driver info: driver.version: unknown]]>
            </message>
            <full-stacktrace>
              <![CDATA[org.openqa.selenium.NoSuchFrameException: No frame element found by name or id mainpanel
Build info: version: '3.141.59', revision: 'e82be7d358', time: '2018-11-14T08:17:03'
System info: host: 'DESKTOP-O1LMJVL', ip: '172.25.176.1', os.name: 'Windows 10', os.arch: 'amd64', os.version: '10.0', java.version: '1.8.0_271'
Driver info: driver.version: unknown
at org.openqa.selenium.remote.RemoteWebDriver$RemoteTargetLocator.frame(RemoteWebDriver.java:885)
at org.openqa.selenium.support.events.EventFiringWebDriver$EventFiringTargetLocator.frame(EventFiringWebDriver.java:702)
at com.eVisa.qa.util.TestUtil.switchToFrame(TestUtil.java:31)
at com.eVisa.qa.testcases.HomePageTest.validateLoggedInUserTest(HomePageTest.java:46)
at sun.reflect.NativeMethodAccessorImpl.invoke0(Native Method)
at sun.reflect.NativeMethodAccessorImpl.invoke(NativeMethodAccessorImpl.java:62)
at sun.reflect.DelegatingMethodAccessorImpl.invoke(DelegatingMethodAccessorImpl.java:43)
at java.lang.reflect.Method.invoke(Method.java:498)
at org.testng.internal.MethodInvocationHelper.invokeMethod(MethodInvocationHelper.java:132)
at org.testng.internal.TestInvoker.invokeMethod(TestInvoker.java:599)
at org.testng.internal.TestInvoker.invokeTestMethod(TestInvoker.java:174)
at org.testng.internal.MethodRunner.runInSequence(MethodRunner.java:46)
at org.testng.internal.TestInvoker$MethodInvocationAgent.invoke(TestInvoker.java:822)
at org.testng.internal.TestInvoker.invokeTestMethods(TestInvoker.java:147)
at org.testng.internal.TestMethodWorker.invokeTestMethods(TestMethodWorker.java:146)
at org.testng.internal.TestMethodWorker.run(TestMethodWorker.java:128)
at java.util.ArrayList.forEach(ArrayList.java:1259)
at org.testng.TestRunner.privateRun(TestRunner.java:764)
at org.testng.TestRunner.run(TestRunner.java:585)
at org.testng.SuiteRunner.runTest(SuiteRunner.java:384)
at org.testng.SuiteRunner.runSequentially(SuiteRunner.java:378)
at org.testng.SuiteRunner.privateRun(SuiteRunner.java:337)
at org.testng.SuiteRunner.run(SuiteRunner.java:286)
at org.testng.SuiteRunnerWorker.runSuite(SuiteRunnerWorker.java:53)
at org.testng.SuiteRunnerWorker.run(SuiteRunnerWorker.java:96)
at org.testng.TestNG.runSuitesSequentially(TestNG.java:1218)
at org.testng.TestNG.runSuitesLocally(TestNG.java:1140)
at org.testng.TestNG.runSuites(TestNG.java:1069)
at org.testng.TestNG.run(TestNG.java:1037)
at org.apache.maven.surefire.testng.TestNGExecutor.run(TestNGExecutor.java:77)
at org.apache.maven.surefire.testng.TestNGDirectoryTestSuite.executeMulti(TestNGDirectoryTestSuite.java:159)
at org.apache.maven.surefire.testng.TestNGDirectoryTestSuite.execute(TestNGDirectoryTestSuite.java:99)
at org.apache.maven.surefire.testng.TestNGProvider.invoke(TestNGProvider.java:106)
at sun.reflect.NativeMethodAccessorImpl.invoke0(Native Method)
at sun.reflect.NativeMethodAccessorImpl.invoke(NativeMethodAccessorImpl.java:62)
at sun.reflect.DelegatingMethodAccessorImpl.invoke(DelegatingMethodAccessorImpl.java:43)
at java.lang.reflect.Method.invoke(Method.java:498)
at org.apache.maven.surefire.util.ReflectionUtils.invokeMethodWithArray(ReflectionUtils.java:189)
at org.apache.maven.surefire.booter.ProviderFactory$ProviderProxy.invoke(ProviderFactory.java:165)
at org.apache.maven.surefire.booter.ProviderFactory.invokeProvider(ProviderFactory.java:85)
at org.apache.maven.surefire.booter.ForkedBooter.runSuitesInProcess(ForkedBooter.java:115)
at org.apache.maven.surefire.booter.ForkedBooter.main(ForkedBooter.java:75)
]]>
            </full-stacktrace>
          </exception> <!-- org.openqa.selenium.NoSuchFrameException -->
          <reporter-output>
          </reporter-output>
        </test-method> <!-- validateLoggedInUserTest -->
        <test-method status="PASS" signature="tearDown()[pri:0, instance:com.eVisa.qa.testcases.HomePageTest@56ac3a89]" name="tearDown" is-config="true" duration-ms="646" started-at="2021-01-11T14:28:06 GST" finished-at="2021-01-11T14:28:07 GST">
          <reporter-output>
          </reporter-output>
        </test-method> <!-- tearDown -->
        <test-method status="PASS" signature="setUp()[pri:0, instance:com.eVisa.qa.testcases.HomePageTest@56ac3a89]" name="setUp" is-config="true" duration-ms="17383" started-at="2021-01-11T14:28:07 GST" finished-at="2021-01-11T14:28:24 GST">
          <reporter-output>
          </reporter-output>
        </test-method> <!-- setUp -->
        <test-method status="PASS" signature="applyForSponsorVisaTest()[pri:3, instance:com.eVisa.qa.testcases.HomePageTest@56ac3a89]" name="applyForSponsorVisaTest" duration-ms="12120" started-at="2021-01-11T14:28:24 GST" finished-at="2021-01-11T14:28:36 GST">
          <reporter-output>
          </reporter-output>
        </test-method> <!-- applyForSponsorVisaTest -->
        <test-method status="PASS" signature="tearDown()[pri:0, instance:com.eVisa.qa.testcases.HomePageTest@56ac3a89]" name="tearDown" is-config="true" duration-ms="653" started-at="2021-01-11T14:28:36 GST" finished-at="2021-01-11T14:28:37 GST">
          <reporter-output>
          </reporter-output>
        </test-method> <!-- tearDown -->
      </class> <!-- com.eVisa.qa.testcases.HomePageTest -->
      <class name="com.eVisa.qa.testcases.LoginPageTest">
        <test-method status="PASS" signature="setUp()[pri:0, instance:com.eVisa.qa.testcases.LoginPageTest@27c20538]" name="setUp" is-config="true" duration-ms="17212" started-at="2021-01-11T14:28:37 GST" finished-at="2021-01-11T14:28:54 GST">
          <reporter-output>
          </reporter-output>
        </test-method> <!-- setUp -->
        <test-method status="PASS" signature="loginPageTitleTest()[pri:1, instance:com.eVisa.qa.testcases.LoginPageTest@27c20538]" name="loginPageTitleTest" duration-ms="19" started-at="2021-01-11T14:28:54 GST" finished-at="2021-01-11T14:28:54 GST">
          <reporter-output>
          </reporter-output>
        </test-method> <!-- loginPageTitleTest -->
        <test-method status="PASS" signature="tearDown()[pri:0, instance:com.eVisa.qa.testcases.LoginPageTest@27c20538]" name="tearDown" is-config="true" duration-ms="641" started-at="2021-01-11T14:28:54 GST" finished-at="2021-01-11T14:28:55 GST">
          <reporter-output>
          </reporter-output>
        </test-method> <!-- tearDown -->
        <test-method status="PASS" signature="setUp()[pri:0, instance:com.eVisa.qa.testcases.LoginPageTest@27c20538]" name="setUp" is-config="true" duration-ms="17677" started-at="2021-01-11T14:28:55 GST" finished-at="2021-01-11T14:29:13 GST">
          <reporter-output>
          </reporter-output>
        </test-method> <!-- setUp -->
        <test-method status="PASS" signature="loginPageLogoTest()[pri:2, instance:com.eVisa.qa.testcases.LoginPageTest@27c20538]" name="loginPageLogoTest" duration-ms="74" started-at="2021-01-11T14:29:13 GST" finished-at="2021-01-11T14:29:13 GST">
          <reporter-output>
          </reporter-output>
        </test-method> <!-- loginPageLogoTest -->
        <test-method status="PASS" signature="tearDown()[pri:0, instance:com.eVisa.qa.testcases.LoginPageTest@27c20538]" name="tearDown" is-config="true" duration-ms="658" started-at="2021-01-11T14:29:13 GST" finished-at="2021-01-11T14:29:13 GST">
          <reporter-output>
          </reporter-output>
        </test-method> <!-- tearDown -->
        <test-method status="PASS" signature="setUp()[pri:0, instance:com.eVisa.qa.testcases.LoginPageTest@27c20538]" name="setUp" is-config="true" duration-ms="17338" started-at="2021-01-11T14:29:13 GST" finished-at="2021-01-11T14:29:31 GST">
          <reporter-output>
          </reporter-output>
        </test-method> <!-- setUp -->
        <test-method status="PASS" signature="loginTest()[pri:3, instance:com.eVisa.qa.testcases.LoginPageTest@27c20538]" name="loginTest" duration-ms="379" started-at="2021-01-11T14:29:31 GST" finished-at="2021-01-11T14:29:31 GST">
          <reporter-output>
          </reporter-output>
        </test-method> <!-- loginTest -->
        <test-method status="PASS" signature="tearDown()[pri:0, instance:com.eVisa.qa.testcases.LoginPageTest@27c20538]" name="tearDown" is-config="true" duration-ms="654" started-at="2021-01-11T14:29:31 GST" finished-at="2021-01-11T14:29:32 GST">
          <reporter-output>
          </reporter-output>
        </test-method> <!-- tearDown -->
      </class> <!-- com.eVisa.qa.testcases.LoginPageTest -->
    </test> <!-- Command line test -->
  </suite> <!-- Command line suite -->
</testng-results>
